[4937][1662996350427][shell][info]["EventBus~initialize - Success"]
[4937][1662996350433][shell][info]["bootShellCrashReporter~ Success"]
[4937][1662996350757][shell][info]["shellController~init: Success"]
[4937][1662996350758][shell][info]["shellMeta~init: Success"]
[4937][1662996350758][shell][info]["partitionMigrationService: State of V7 partition:"]
[4937][1662996350758][shell][info]["partitionMigrationService: V7 partitions",[]]
[4937][1662996350758][shell][info]["partitionMigrationService: V7 lastActiveUser",null]
[4937][1662996350758][shell][info]["partitionMigrationService: V7 activePartition",null]
[4937][1662996350759][shell][info]["partitionMigrationService: V7 isPartitionDirty",null]
[4937][1662996350759][shell][info]["partitionMigrationService~rectifyNamespaceOfScratchPadPartition: There is no partition with scratchpad namespace"]
[4937][1662996350759][shell][info]["partitionMigrationService~rectifyNamespaceOfScratchPadPartition: There is no transit partition which could have been used for scratchpad"]
[4937][1662996350759][shell][info]["partitionMigrationService~init: Success"]
[4937][1662996350759][shell][info]["partitionMigrationService~runV8PartitionsIntegrity: Two way migration~ removing the following partitions from v8",[]]
[4937][1662996350760][shell][info]["userPartitionService~_rectifyTheActivePartitionOfApplication: Setting the active partition to ",null]
[4937][1662996350760][shell][info]["userPartitionService~init: Success"]
[4937][1662996350760][shell][info]["userPartitionService: State of v8 partition system:"]
[4937][1662996350761][shell][info]["userPartitionService: List of partitions:",[]]
[4937][1662996350761][shell][info]["userPartitionService: users global meta:",{"activePartition":null}]
[4937][1662996350761][shell][info]["shell~init~getPartitionToLoad: loading scratchpad partition"]
[4937][1662996350763][shell][info]["init~setViewAttributes - Initializing view with opts:"]
[4937][1662996350764][shell][info]["verifyPartitionIdWithMain: Verifying partition ID from main process"]
[4937][1662996350764][shell][info]["Shell~init~setViewAttributes: passing scratchpad partition id as ","eecdef07-69c8-4d73-a852-3b378ce44233"]
[4937][1662996350765][shell][info]["Shell~init~setViewAttributes: do we have any logged in users? ",false]
[4937][1662996350765][shell][info]["init~setViewAttributes - Success"]
[4937][1662996350769][shell][info]["verifyPartitionIdWithMain: Bailing out as migration has not been done"]
[4937][1662996352470][shell][info]["Shell~init~sendUsersDataToRenderer",[]]
